<?xml version="1.0" encoding="UTF-8"?>
<testng-results ignored="0" total="1" passed="1" failed="0" skipped="0">
  <reporter-output>
  </reporter-output>
  <suite started-at="2022-06-29T22:35:15 IST" name="Default suite" finished-at="2022-06-29T22:36:27 IST" duration-ms="71437">
    <groups>
      <group name="cucumber">
        <method signature="AbstractTestNGCucumberTests.runScenario(io.cucumber.testng.PickleWrapper,io.cucumber.testng.FeatureWrapper)[pri:0, instance:runner.TestRunner@318ba8c8]" name="runScenario" class="io.cucumber.testng.AbstractTestNGCucumberTests"/>
      </group> <!-- cucumber -->
    </groups>
    <test started-at="2022-06-29T22:35:15 IST" name="Default test" finished-at="2022-06-29T22:36:27 IST" duration-ms="71437">
      <class name="runner.TestRunner">
        <test-method is-config="true" signature="setUpClass(org.testng.ITestContext)[pri:0, instance:runner.TestRunner@318ba8c8]" started-at="2022-06-29T22:35:16 IST" name="setUpClass" finished-at="2022-06-29T22:35:16 IST" duration-ms="608" status="PASS">
          <params>
            <param index="0">
              <value>
                <![CDATA[org.testng.TestRunner@670ce331]]>
              </value>
            </param>
          </params>
          <reporter-output>
          </reporter-output>
        </test-method> <!-- setUpClass -->
        <test-method signature="runScenario(io.cucumber.testng.PickleWrapper,io.cucumber.testng.FeatureWrapper)[pri:0, instance:runner.TestRunner@318ba8c8]" started-at="2022-06-29T22:35:16 IST" name="runScenario" description="Runs Cucumber Scenarios" data-provider="scenarios" finished-at="2022-06-29T22:36:27 IST" duration-ms="70706" status="PASS">
          <params>
            <param index="0">
              <value>
                <![CDATA["Check whether the displayed CTA home page design is navigating to the respective page"]]>
              </value>
            </param>
            <param index="1">
              <value>
                <![CDATA["Optional[Jupiter Application]"]]>
              </value>
            </param>
          </params>
          <reporter-output>
          </reporter-output>
        </test-method> <!-- runScenario -->
        <test-method is-config="true" signature="tearDownClass()[pri:0, instance:runner.TestRunner@318ba8c8]" started-at="2022-06-29T22:36:27 IST" name="tearDownClass" finished-at="2022-06-29T22:36:27 IST" duration-ms="54" status="PASS">
          <reporter-output>
          </reporter-output>
        </test-method> <!-- tearDownClass -->
      </class> <!-- runner.TestRunner -->
    </test> <!-- Default test -->
  </suite> <!-- Default suite -->
</testng-results>
